<?xml version="1.0" encoding="UTF-8"?>
<!-- Generated by org.testng.reporters.JUnitReportReporter -->
<testsuite hostname="LAPTOP-6COU3AKC" failures="0" tests="4" name="CTtest.Test3" time="10.095" errors="0" timestamp="16 Oct 2023 07:00:50 GMT" skipped="0">
  <testcase classname="CTtest.Test3" name="registerUser" time="4.783"/>
  <testcase classname="CTtest.Test3" name="loginUser" time="3.626"/>
  <testcase classname="CTtest.Test3" name="changeTheme" time="1.232"/>
  <testcase classname="CTtest.Test3" name="userProfileUpdate" time="0.454"/>
</testsuite> <!-- CTtest.Test3 -->
