<?xml version="1.0" encoding="UTF-8"?>
<!-- Generated by org.testng.reporters.JUnitReportReporter -->
<testsuite hostname="LAPTOP-6COU3AKC" failures="0" tests="1" name="CTtest.Test1" time="7.723" errors="0" timestamp="19 Sep 2023 18:17:56 GMT" skipped="0">
  <testcase classname="CTtest.Test1" name="check1" time="7.723"/>
</testsuite> <!-- CTtest.Test1 -->
