<?xml version="1.0" encoding="UTF-8"?>
<!-- Generated by org.testng.reporters.JUnitReportReporter -->
<testsuite hostname="LAPTOP-6COU3AKC" failures="0" tests="1" name="CTtest" time="9.898" errors="0" timestamp="2023-08-22T20:15:34 IST" skipped="0">
  <testcase classname="CTtest" name="check1" time="9.898"/>
  <system-out/>
</testsuite> <!-- CTtest -->
