<?xml version="1.0" encoding="UTF-8"?>
<!-- Generated by org.testng.reporters.JUnitReportReporter -->
<testsuite hostname="LAPTOP-6COU3AKC" failures="0" tests="3" name="CTtest.Test2" time="3.365" errors="0" timestamp="19 Sep 2023 18:17:56 GMT" skipped="0">
  <testcase classname="CTtest.Test2" name="testWelcomeMessage" time="0.046"/>
  <testcase classname="CTtest.Test2" name="testLoginPageElements" time="0.104"/>
  <testcase classname="CTtest.Test2" name="testSuccessfulLogin" time="3.215"/>
</testsuite> <!-- CTtest.Test2 -->
