<?xml version="1.0" encoding="UTF-8"?>
<!-- Generated by org.testng.reporters.JUnitReportReporter -->
<testsuite hostname="LAPTOP-6COU3AKC" failures="0" tests="4" name="CTtest.Test3" time="10.304" errors="0" timestamp="20 Sep 2023 07:36:01 GMT" skipped="0">
  <testcase classname="CTtest.Test3" name="registerUser" time="4.759"/>
  <testcase classname="CTtest.Test3" name="loginUser" time="3.631"/>
  <testcase classname="CTtest.Test3" name="changeTheme" time="1.390"/>
  <testcase classname="CTtest.Test3" name="userProfileUpdate" time="0.524"/>
</testsuite> <!-- CTtest.Test3 -->
