<?xml version="1.0" encoding="UTF-8"?>
<!-- Generated by org.testng.reporters.JUnitReportReporter -->
<testsuite hostname="LAPTOP-6COU3AKC" failures="0" tests="1" name="CTtest.Test1" time="7.766" errors="0" timestamp="2023-08-22T20:18:43 IST" skipped="0">
  <testcase classname="CTtest.Test1" name="check1" time="7.766"/>
  <system-out/>
</testsuite> <!-- CTtest.Test1 -->
